
> c2-frontend@1.0.0 build
> tsc && vite build

vite v5.4.21 building for production...
transforming...
✓ 1365 modules transformed.
rendering chunks...
computing gzip size...
dist/index.html                                               0.56 kB │ gzip:   0.35 kB
dist/assets/spritesheet-DpIxuf5L.svg                          5.55 kB │ gzip:   1.67 kB
dist/assets/index-BWbakTLh.css                                0.49 kB │ gzip:   0.28 kB
dist/assets/OperatorInterceptionDashboardPage-r7k_faMe.css    0.82 kB │ gzip:   0.26 kB
dist/assets/MapView-BE36fbdQ.css                             12.56 kB │ gzip:   6.70 kB
dist/assets/leaflet-CIGW-MKW.css                             15.61 kB │ gzip:   6.46 kB
dist/assets/rf-Bjxus0-e.js                                    0.17 kB │ gzip:   0.15 kB
dist/assets/users-BSR9CxQD.js                                 0.19 kB │ gzip:   0.16 kB
dist/assets/tcpListener-BqofGfDr.js                           0.26 kB │ gzip:   0.17 kB
dist/assets/alerts-4UkkIdME.js                                0.28 kB │ gzip:   0.21 kB
dist/assets/Card-USGoU4Fb.js                                  0.28 kB │ gzip:   0.23 kB
dist/assets/MetricCard-X-1O-fG2.js                            0.29 kB │ gzip:   0.22 kB
dist/assets/assets-CQGKNJzn.js                                0.30 kB │ gzip:   0.20 kB
dist/assets/LoginPage-DXrRUpmA.js                             1.68 kB │ gzip:   0.85 kB
dist/assets/AdminDashboard-BWUXFlbP.js                        2.65 kB │ gzip:   1.20 kB
dist/assets/PlanningPage-BSOu7lze.js                          3.66 kB │ gzip:   1.17 kB
dist/assets/CrfsLivePage-DqcEuBlB.js                          3.91 kB │ gzip:   1.73 kB
dist/assets/ReportsPage-BR9xnVrO.js                           3.93 kB │ gzip:   1.21 kB
dist/assets/leaflet-BW94YIKX.js                               5.45 kB │ gzip:   1.93 kB
dist/assets/JammerControlPage-DLVcMUhA.js                     8.51 kB │ gzip:   2.82 kB
dist/assets/PageContainer-BEJACWQg.js                         8.90 kB │ gzip:   2.56 kB
dist/assets/OperatorTcpClientPage-CKRt9p5K.js                 9.95 kB │ gzip:   3.00 kB
dist/assets/UserManagement-CN35Zpah.js                       13.47 kB │ gzip:   2.94 kB
dist/assets/OperatorMapPage-D6sX85q7.js                      13.96 kB │ gzip:   4.61 kB
dist/assets/OperatorSignalSimulationPage-DGulaF3p.js         14.33 kB │ gzip:   3.98 kB
dist/assets/dashboardSimulationBridge-BRlJ888w.js            17.11 kB │ gzip:   5.85 kB
dist/assets/purify.es-BwoZCkIS.js                            22.03 kB │ gzip:   8.77 kB
dist/assets/OperatorAlertsPage-QStjkZZI.js                   23.05 kB │ gzip:   5.30 kB
dist/assets/OperatorInterceptionDashboardPage-B8H5zFky.js    26.73 kB │ gzip:   7.24 kB
dist/assets/AssetsManagementPage-DbOUxMVB.js                 33.26 kB │ gzip:   4.86 kB
dist/assets/jspdf.plugin.autotable-BKWbQgDN.js               39.56 kB │ gzip:  12.78 kB
dist/assets/MapView-CS70QAHt.js                             111.95 kB │ gzip:  27.08 kB
dist/assets/OperatorDashboardPage-cNxb5qRc.js               112.00 kB │ gzip:  27.85 kB
dist/assets/index.es-C7KFIIdo.js                            150.73 kB │ gzip:  51.57 kB
dist/assets/html2canvas.esm-CBrSDip1.js                     201.42 kB │ gzip:  48.03 kB
dist/assets/jspdf.es.min-De8pEFXs.js                        357.70 kB │ gzip: 118.00 kB
dist/assets/index-CNGMS4Iu.js                               367.70 kB │ gzip: 120.82 kB
dist/assets/CanvasWaterfall-CG1sEK0R.js                     389.74 kB │ gzip: 107.65 kB
✓ built in 6.60s
EXIT:0
