
added 159 packages, and audited 160 packages in 17s

14 packages are looking for funding
  run `npm fund` for details

5 vulnerabilities (3 moderate, 1 high, 1 critical)

To address all issues (including breaking changes), run:
  npm audit fix --force

Run `npm audit` for details.
npm notice
npm notice New major version of npm available! 10.8.2 -> 11.12.0
npm notice Changelog: https://github.com/npm/cli/releases/tag/v11.12.0
npm notice To update run: npm install -g npm@11.12.0
npm notice

> c2-frontend@1.0.0 build
> tsc && vite build

vite v5.4.21 building for production...
transforming...
✓ 1365 modules transformed.
rendering chunks...
computing gzip size...
dist/index.html                                               0.89 kB │ gzip:   0.42 kB
dist/assets/spritesheet-DpIxuf5L.svg                          5.55 kB │ gzip:   1.67 kB
dist/assets/index-BWbakTLh.css                                0.49 kB │ gzip:   0.28 kB
dist/assets/OperatorInterceptionDashboardPage-r7k_faMe.css    0.82 kB │ gzip:   0.26 kB
dist/assets/map-vendor-D9RYvAJw.css                          28.17 kB │ gzip:  12.77 kB
dist/assets/rf-BWgfBdGz.js                                    0.17 kB │ gzip:   0.15 kB
dist/assets/users-oo_3umE6.js                                 0.19 kB │ gzip:   0.16 kB
dist/assets/tcpListener-C1Ny1mgl.js                           0.26 kB │ gzip:   0.17 kB
dist/assets/alerts-8QaDOs5R.js                                0.28 kB │ gzip:   0.21 kB
dist/assets/MetricCard-Bx0c4sGe.js                            0.29 kB │ gzip:   0.22 kB
dist/assets/assets-Cr1MDRcp.js                                0.30 kB │ gzip:   0.20 kB
dist/assets/Card-D2uiCZdt.js                                  0.32 kB │ gzip:   0.25 kB
dist/assets/LoginPage-Cp2_3LbD.js                             1.78 kB │ gzip:   0.90 kB
dist/assets/AdminDashboard-AgraCBbC.js                        2.75 kB │ gzip:   1.25 kB
dist/assets/PlanningPage-BpMu2KdA.js                          3.74 kB │ gzip:   1.20 kB
dist/assets/CrfsLivePage-DniUSuoh.js                          4.02 kB │ gzip:   1.77 kB
dist/assets/ReportsPage-B_OGZCRO.js                           4.04 kB │ gzip:   1.26 kB
dist/assets/CanvasWaterfall-CkTS1LZ-.js                       4.16 kB │ gzip:   1.82 kB
dist/assets/JammerControlPage-Bd1-kEOD.js                     8.62 kB │ gzip:   2.87 kB
dist/assets/PageContainer-Bfnr4opv.js                         8.94 kB │ gzip:   2.59 kB
dist/assets/OperatorTcpClientPage-Cz_9FF4E.js                10.05 kB │ gzip:   3.05 kB
dist/assets/UserManagement-CX7Kpxh2.js                       13.57 kB │ gzip:   2.99 kB
dist/assets/OperatorMapPage-Gao8pnRT.js                      14.04 kB │ gzip:   4.64 kB
dist/assets/OperatorSignalSimulationPage-CzMm2-Hv.js         14.48 kB │ gzip:   4.04 kB
dist/assets/dashboardSimulationBridge-BRlJ888w.js            17.11 kB │ gzip:   5.85 kB
dist/assets/purify.es-BwoZCkIS.js                            22.03 kB │ gzip:   8.77 kB
dist/assets/OperatorAlertsPage-B6rZrtQy.js                   23.07 kB │ gzip:   5.29 kB
dist/assets/OperatorInterceptionDashboardPage-04sYaR3-.js    26.84 kB │ gzip:   7.29 kB
dist/assets/AssetsManagementPage-YsYQNKCa.js                 33.36 kB │ gzip:   4.90 kB
dist/assets/MapView-ES09rKfE.js                              43.89 kB │ gzip:  12.75 kB
dist/assets/index-D_E-5hlQ.js                                46.54 kB │ gzip:  18.12 kB
dist/assets/OperatorDashboardPage-BcDk03kC.js                75.11 kB │ gzip:  18.17 kB
dist/assets/index.es-DXRaeL1H.js                            150.74 kB │ gzip:  51.57 kB
dist/assets/react-vendor-DnezVpjz.js                        163.84 kB │ gzip:  53.36 kB
dist/assets/canvas-export-vendor-CBrSDip1.js                201.42 kB │ gzip:  48.03 kB
dist/assets/map-vendor-WOhx5Bld.js                          229.43 kB │ gzip:  65.12 kB
dist/assets/pdf-vendor-CAEvVPcm.js                          398.89 kB │ gzip: 131.19 kB
dist/assets/charts-vendor-CeOtSVYt.js                       422.01 kB │ gzip: 112.59 kB
✓ built in 7.99s
